<?xml version="1.0" encoding="UTF-8"?>
<testng-results ignored="0" total="1" passed="1" failed="0" skipped="0">
  <reporter-output>
  </reporter-output>
  <suite started-at="2024-06-12T07:14:49 IST" name="Fita Selenium Training" finished-at="2024-06-12T07:14:58 IST" duration-ms="9144">
    <groups>
    </groups>
    <test started-at="2024-06-12T07:14:49 IST" name="LetShop Automation Test" finished-at="2024-06-12T07:14:58 IST" duration-ms="9144">
      <class name="demo.ListenerDemoTest">
        <test-method is-config="true" signature="LaunchBrowser()[pri:0, instance:demo.ListenerDemoTest@59505b48]" started-at="2024-06-12T07:14:13 IST" name="LaunchBrowser" finished-at="2024-06-12T07:14:49 IST" duration-ms="35994" status="PASS">
          <reporter-output>
          </reporter-output>
        </test-method> <!-- LaunchBrowser -->
        <test-method signature="LaunchApp()[pri:0, instance:demo.ListenerDemoTest@59505b48]" started-at="2024-06-12T07:14:49 IST" name="LaunchApp" finished-at="2024-06-12T07:14:58 IST" duration-ms="9006" status="PASS">
          <reporter-output>
          </reporter-output>
        </test-method> <!-- LaunchApp -->
        <test-method is-config="true" signature="closingBrowser()[pri:0, instance:demo.ListenerDemoTest@59505b48]" started-at="2024-06-12T07:14:59 IST" name="closingBrowser" finished-at="2024-06-12T07:15:00 IST" duration-ms="1224" status="PASS">
          <reporter-output>
          </reporter-output>
        </test-method> <!-- closingBrowser -->
      </class> <!-- demo.ListenerDemoTest -->
    </test> <!-- LetShop Automation Test -->
  </suite> <!-- Fita Selenium Training -->
</testng-results>
